0 info it worked if it ends with ok
1 verbose cli [ '/usr/local/bin/node', '/usr/local/bin/npm', 'publish', './' ]
2 info using npm@3.10.10
3 info using node@v6.10.2
4 verbose publish [ './' ]
5 silly cache add args [ './', null ]
6 verbose cache add spec ./
7 silly cache add parsed spec Result {
7 silly cache add   raw: './',
7 silly cache add   scope: null,
7 silly cache add   escapedName: null,
7 silly cache add   name: null,
7 silly cache add   rawSpec: './',
7 silly cache add   spec: '/Users/jhbarneb@us.ibm.com/Documents/GitHub/UCG-Repo/UCG/NPM_Modules/node-red-contrib-ucg-mssqlv2',
7 silly cache add   type: 'directory' }
8 verbose addLocalDirectory /Users/jhbarneb@us.ibm.com/.npm/node-red-contrib-ucg-mssql/0.1.7/package.tgz not in flight; packing
9 verbose correctMkdir /Users/jhbarneb@us.ibm.com/.npm correctMkdir not in flight; initializing
10 info lifecycle node-red-contrib-ucg-mssql@0.1.7~prepublish: node-red-contrib-ucg-mssql@0.1.7
11 silly lifecycle node-red-contrib-ucg-mssql@0.1.7~prepublish: no script for prepublish, continuing
12 verbose tar pack [ '/Users/jhbarneb@us.ibm.com/.npm/node-red-contrib-ucg-mssql/0.1.7/package.tgz',
12 verbose tar pack   '/Users/jhbarneb@us.ibm.com/Documents/GitHub/UCG-Repo/UCG/NPM_Modules/node-red-contrib-ucg-mssqlv2' ]
13 verbose tarball /Users/jhbarneb@us.ibm.com/.npm/node-red-contrib-ucg-mssql/0.1.7/package.tgz
14 verbose folder /Users/jhbarneb@us.ibm.com/Documents/GitHub/UCG-Repo/UCG/NPM_Modules/node-red-contrib-ucg-mssqlv2
15 verbose addLocalTarball adding from inside cache /Users/jhbarneb@us.ibm.com/.npm/node-red-contrib-ucg-mssql/0.1.7/package.tgz
16 verbose correctMkdir /Users/jhbarneb@us.ibm.com/.npm correctMkdir not in flight; initializing
17 silly cache afterAdd node-red-contrib-ucg-mssql@0.1.7
18 verbose afterAdd /Users/jhbarneb@us.ibm.com/.npm/node-red-contrib-ucg-mssql/0.1.7/package/package.json not in flight; writing
19 verbose correctMkdir /Users/jhbarneb@us.ibm.com/.npm correctMkdir not in flight; initializing
20 verbose afterAdd /Users/jhbarneb@us.ibm.com/.npm/node-red-contrib-ucg-mssql/0.1.7/package/package.json written
21 silly publish { name: 'node-red-contrib-ucg-mssql',
21 silly publish   version: '0.1.7',
21 silly publish   description: 'Node for node-red to connect to a Microsoft MS SQL Database',
21 silly publish   main: 'odbc.js',
21 silly publish   dependencies: { mssql: '>=3.0.1 <4.0.0', mustache: 'latest' },
21 silly publish   'node-red': { nodes: { mssql: 'mssql.js' } },
21 silly publish   scripts:
21 silly publish    { test: 'echo "Error: no test specified" && exit 1',
21 silly publish      release: 'npm version patch && git push --tags',
21 silly publish      postrelease: 'npm publish . && git push' },
21 silly publish   repository:
21 silly publish    { type: 'git',
21 silly publish      url: 'https://github.com/dennisnotojr/UCG-Repo/tree/master/UCG/NPM_Modules/node-red-contrib-ucg-mssqlv2' },
21 silly publish   keywords:
21 silly publish    [ 'node-red',
21 silly publish      'odbc',
21 silly publish      'unixodbc',
21 silly publish      'mssql',
21 silly publish      'sql',
21 silly publish      'Microsoft',
21 silly publish      'database' ],
21 silly publish   author: { name: 'UCG team' },
21 silly publish   license: 'MIT',
21 silly publish   homepage: 'http://www.ibm.com',
21 silly publish   bugs: { url: 'https://github.com/dennisnotojr/UCG-Repo/tree/master/UCG/NPM_Modules/node-red-contrib-ucg-mssqlv2/issues' },
21 silly publish   readme: '# node-red-contrib-UCG-mssql\n\n[![RedConnect Approved](https://img.shields.io/badge/RedConnect-Approved-brightgreen.svg?style=flat)](https://www.redconnect.io/addons) \n\nA node-red node for connecting to Microsoft MS SQL Databases\nBased on npm package [mssql](https://www.npmjs.com/package/mssql) \n\nImportantly, this package comes with pre-built linux drivers for communicating with the Azure & MS SQL services (using TDS protocal), removing the need to set-up environment level MSSQL (or similar) drivers.\n\nThanks to efa2000, creator of github.com/efa2000/node-red-contrib-odbc - who\'s node this was based on.\n',
21 silly publish   readmeFilename: 'README.md',
21 silly publish   _id: 'node-red-contrib-ucg-mssql@0.1.7',
21 silly publish   _shasum: '05d444de31db2ac6b414d362ff74027c69d0b228',
21 silly publish   _from: '.' }
22 verbose getPublishConfig undefined
23 silly mapToRegistry name node-red-contrib-ucg-mssql
24 silly mapToRegistry using default registry
25 silly mapToRegistry registry https://registry.npmjs.org/
26 silly mapToRegistry data Result {
26 silly mapToRegistry   raw: 'node-red-contrib-ucg-mssql',
26 silly mapToRegistry   scope: null,
26 silly mapToRegistry   escapedName: 'node-red-contrib-ucg-mssql',
26 silly mapToRegistry   name: 'node-red-contrib-ucg-mssql',
26 silly mapToRegistry   rawSpec: '',
26 silly mapToRegistry   spec: 'latest',
26 silly mapToRegistry   type: 'tag' }
27 silly mapToRegistry uri https://registry.npmjs.org/node-red-contrib-ucg-mssql
28 verbose publish registryBase https://registry.npmjs.org/
29 silly publish uploading /Users/jhbarneb@us.ibm.com/.npm/node-red-contrib-ucg-mssql/0.1.7/package.tgz
30 verbose request uri https://registry.npmjs.org/node-red-contrib-ucg-mssql
31 verbose request sending authorization for write operation
32 info attempt registry request try #1 at 4:28:07 PM
33 verbose request using bearer token for auth
34 verbose request id f7274d216a95ef19
35 http request PUT https://registry.npmjs.org/node-red-contrib-ucg-mssql
36 http 403 https://registry.npmjs.org/node-red-contrib-ucg-mssql
37 verbose headers { 'content-type': 'application/json',
37 verbose headers   'cache-control': 'max-age=300',
37 verbose headers   'content-length': '120',
37 verbose headers   'accept-ranges': 'bytes',
37 verbose headers   date: 'Sun, 29 Oct 2017 20:28:07 GMT',
37 verbose headers   via: '1.1 varnish',
37 verbose headers   connection: 'keep-alive',
37 verbose headers   'x-served-by': 'cache-mia17624-MIA',
37 verbose headers   'x-cache': 'MISS',
37 verbose headers   'x-cache-hits': '0',
37 verbose headers   'x-timer': 'S1509308887.460536,VS0,VE388',
37 verbose headers   vary: 'Accept-Encoding, Accept' }
38 verbose request invalidating /Users/jhbarneb@us.ibm.com/.npm/registry.npmjs.org/node-red-contrib-ucg-mssql on PUT
39 error publish Failed PUT 403
40 verbose stack Error: You do not have permission to publish "node-red-contrib-ucg-mssql". Are you logged in as the correct user? : node-red-contrib-ucg-mssql
40 verbose stack     at makeError (/usr/local/lib/node_modules/npm/node_modules/npm-registry-client/lib/request.js:302:12)
40 verbose stack     at CachingRegistryClient.<anonymous> (/usr/local/lib/node_modules/npm/node_modules/npm-registry-client/lib/request.js:290:14)
40 verbose stack     at Request._callback (/usr/local/lib/node_modules/npm/node_modules/npm-registry-client/lib/request.js:210:14)
40 verbose stack     at Request.self.callback (/usr/local/lib/node_modules/npm/node_modules/request/request.js:187:22)
40 verbose stack     at emitTwo (events.js:106:13)
40 verbose stack     at Request.emit (events.js:191:7)
40 verbose stack     at Request.<anonymous> (/usr/local/lib/node_modules/npm/node_modules/request/request.js:1048:10)
40 verbose stack     at emitOne (events.js:96:13)
40 verbose stack     at Request.emit (events.js:188:7)
40 verbose stack     at IncomingMessage.<anonymous> (/usr/local/lib/node_modules/npm/node_modules/request/request.js:969:12)
41 verbose statusCode 403
42 verbose pkgid node-red-contrib-ucg-mssql
43 verbose cwd /Users/jhbarneb@us.ibm.com/Documents/GitHub/UCG-Repo/UCG/NPM_Modules/node-red-contrib-ucg-mssqlv2
44 error Darwin 16.7.0
45 error argv "/usr/local/bin/node" "/usr/local/bin/npm" "publish" "./"
46 error node v6.10.2
47 error npm  v3.10.10
48 error code E403
49 error You do not have permission to publish "node-red-contrib-ucg-mssql". Are you logged in as the correct user? : node-red-contrib-ucg-mssql
50 error If you need help, you may report this error at:
50 error     <https://github.com/npm/npm/issues>
51 verbose exit [ 1, true ]
