2017-09-09T22:32:12.706Z Level 50 saved flow revision: 9ef985bdb6fb22ab9b9025f0e1ee9a6d
2017-09-09T22:32:12.718Z Level 50 red/nodes/flows.stop : stopping flow : 1b19f8b1.08de9f
2017-09-09T22:32:12.736Z Level 50 red/nodes/flows.stop : stopping flow : 5c4d249a.7988f4
2017-09-09T22:32:12.754Z Level 50 red/nodes/flows.stop : stopping flow : e85cff5a.1f786
2017-09-09T22:32:12.764Z Level 50 red/nodes/flows.stop : stopping flow : c1e9a4dc.c42cf8
2017-09-09T22:32:12.774Z Level 50 red/nodes/flows.stop : stopping flow : d284a7e7.ca3e08
2017-09-09T22:32:12.786Z Level 50 red/nodes/flows.stop : stopping flow : 17eb59dd.9ff326
2017-09-09T22:32:12.786Z Level 50 red/nodes/flows.stop : stopping flow : 14d2f552.3522fb
2017-09-09T22:32:12.795Z Level 50 red/nodes/flows.stop : stopping flow : cb400db2.feb1d8
2017-09-09T22:32:12.795Z Level 50 red/nodes/flows.stop : stopping flow : 6e97b3ee.89fce4
2017-09-09T22:32:12.796Z Level 50 red/nodes/flows.stop : stopping flow : 5b6fab52.9eae84
2017-09-09T22:32:12.796Z Level 50 red/nodes/flows.stop : stopping flow : bf65cfa5.bbe868
2017-09-09T22:32:12.842Z Level 40 Starting modified flows
2017-09-09T22:32:12.842Z Level 40 Stopped modified flows
2017-09-09T22:32:20.931Z Level 20 Client requires an Account SID and Auth Token set explicitly or via the TWILIO_ACCOUNT_SID and TWILIO_AUTH_TOKEN environment variables
2017-09-09T22:32:23.253Z Level 40 Started modified flows
2017-09-09T22:32:12.707Z Level 40 Stopping modified flows
2017-09-09T22:32:12.707Z Level 50 red/nodes/flows.stop : stopping flow : global
2017-09-09T22:32:12.707Z Level 50 red/nodes/flows.stop : stopping flow : 3fad3621.99e442
2017-09-10T00:26:30.081Z Level 20 Error Error: read ECONNRESET
2017-09-10T00:26:30.082Z Level 20 Error Error: read ECONNRESET
2017-09-10T00:26:30.082Z Level 20 Error Error: read ECONNRESET
2017-09-10T00:26:30.082Z Level 20 Error Error: read ECONNRESET
2017-09-10T00:26:30.083Z Level 20 Error Error: read ECONNRESET
2017-09-10T00:26:30.084Z Level 20 Error Error: read ECONNRESET
2017-09-10T00:26:30.083Z Level 20 Error Error: read ECONNRESET
2017-09-10T00:26:30.080Z Level 20 Error Error: read ECONNRESET
2017-09-10T00:26:30.084Z Level 20 Error Error: read ECONNRESET
2017-09-10T00:26:30.085Z Level 20 Error Error: read ECONNRESET
2017-09-10T00:26:30.085Z Level 20 Error Error: read ECONNRESET
2017-09-10T00:26:30.080Z Level 20 Error Error: read ECONNRESET
2017-09-10T00:26:30.083Z Level 20 Error Error: read ECONNRESET
2017-09-10T00:26:30.083Z Level 20 Error Error: read ECONNRESET
2017-09-10T00:26:30.085Z Level 20 Error Error: read ECONNRESET
2017-09-10T00:26:30.086Z Level 20 Error Error: read ECONNRESET
2017-09-10T00:26:30.086Z Level 20 Error Error: read ECONNRESET
2017-09-10T00:26:30.087Z Level 20 Error Error: read ECONNRESET
2017-09-10T00:26:30.087Z Level 20 Error Error: read ECONNRESET
2017-09-10T00:26:30.088Z Level 20 Error Error: read ECONNRESET
2017-09-10T00:26:30.089Z Level 20 Error Error: read ECONNRESET
2017-09-10T00:26:30.089Z Level 20 Error Error: read ECONNRESET
2017-09-10T00:26:30.090Z Level 20 Error Error: read ECONNRESET
2017-09-10T00:26:30.090Z Level 20 Error Error: read ECONNRESET
2017-09-10T00:26:30.090Z Level 20 Error Error: read ECONNRESET
2017-09-10T00:26:30.091Z Level 20 Error Error: read ECONNRESET
2017-09-10T00:26:30.091Z Level 20 Error Error: read ECONNRESET
2017-09-10T00:26:30.084Z Level 20 Error Error: read ECONNRESET
2017-09-10T00:26:30.085Z Level 20 Error Error: read ECONNRESET
2017-09-10T00:26:30.093Z Level 20 Error Error: read ECONNRESET
2017-09-10T00:26:30.086Z Level 20 Error Error: read ECONNRESET
2017-09-10T00:26:30.092Z Level 20 Error Error: read ECONNRESET
2017-09-10T00:26:30.092Z Level 20 Error Error: read ECONNRESET
2017-09-10T00:26:34.562Z Level 20 Error Error: read ECONNRESET
2017-09-10T00:26:34.563Z Level 20 Error Error: read ECONNRESET
2017-09-10T00:26:34.565Z Level 20 Error Error: read ECONNRESET
2017-09-10T00:26:34.566Z Level 20 Error Error: read ECONNRESET
2017-09-10T00:26:34.566Z Level 20 Error Error: read ECONNRESET
2017-09-10T00:26:34.567Z Level 20 Error Error: read ECONNRESET
2017-09-10T00:26:34.568Z Level 20 Error Error: read ECONNRESET
2017-09-10T00:26:34.568Z Level 20 Error Error: read ECONNRESET
2017-09-10T00:26:34.563Z Level 20 Error Error: read ECONNRESET
2017-09-10T00:26:34.564Z Level 20 Error Error: read ECONNRESET
2017-09-10T00:26:34.569Z Level 20 Error Error: read ECONNRESET
2017-09-10T00:26:34.570Z Level 20 Error Error: read ECONNRESET
2017-09-10T00:26:34.570Z Level 20 Error Error: read ECONNRESET
2017-09-10T00:26:34.571Z Level 20 Error Error: read ECONNRESET
2017-09-10T00:26:34.571Z Level 20 Error Error: read ECONNRESET
2017-09-10T00:26:34.572Z Level 20 Error Error: read ECONNRESET
2017-09-10T00:26:34.572Z Level 20 Error Error: read ECONNRESET
2017-09-10T00:26:34.573Z Level 20 Error Error: read ECONNRESET
2017-09-10T00:26:34.573Z Level 20 Error Error: read ECONNRESET
2017-09-10T00:26:34.580Z Level 20 Error Error: read ECONNRESET
2017-09-10T00:26:34.581Z Level 20 Error Error: read ECONNRESET
2017-09-10T00:26:34.581Z Level 20 Error Error: read ECONNRESET
2017-09-10T00:26:34.581Z Level 20 Error Error: read ECONNRESET
2017-09-10T00:26:34.565Z Level 20 Error Error: read ECONNRESET
2017-09-10T00:26:34.582Z Level 20 Error Error: read ECONNRESET
2017-09-10T00:26:34.568Z Level 20 Error Error: read ECONNRESET
2017-09-10T00:26:34.569Z Level 20 Error Error: read ECONNRESET
2017-09-10T00:26:39.678Z Level 20 Error Error: read ECONNRESET
2017-09-10T00:26:39.681Z Level 20 Error Error: read ECONNRESET
2017-09-10T00:26:39.683Z Level 20 Error Error: read ECONNRESET
2017-09-10T00:26:39.679Z Level 20 Error Error: read ECONNRESET
2017-09-10T00:26:39.680Z Level 20 Error Error: read ECONNRESET
2017-09-10T00:26:39.683Z Level 20 Error Error: read ECONNRESET
2017-09-10T02:26:32.640Z Level 20 Error Error: read ECONNRESET
2017-09-10T02:26:32.642Z Level 20 Error Error: read ECONNRESET
2017-09-10T02:26:32.642Z Level 20 Error Error: read ECONNRESET
2017-09-10T02:26:32.642Z Level 20 Error Error: read ECONNRESET
2017-09-10T02:26:32.643Z Level 20 Error Error: read ECONNRESET
2017-09-10T02:26:32.643Z Level 20 Error Error: read ECONNRESET
2017-09-10T02:26:32.643Z Level 20 Error Error: read ECONNRESET
2017-09-10T02:26:32.644Z Level 20 Error Error: read ECONNRESET
2017-09-10T02:26:32.644Z Level 20 Error Error: read ECONNRESET
2017-09-10T02:26:32.644Z Level 20 Error Error: read ECONNRESET
2017-09-10T02:26:32.646Z Level 20 Error Error: read ECONNRESET
2017-09-10T02:26:32.645Z Level 20 Error Error: read ECONNRESET
2017-09-10T02:26:32.645Z Level 20 Error Error: read ECONNRESET
2017-09-10T02:26:32.646Z Level 20 Error Error: read ECONNRESET
2017-09-10T02:26:32.646Z Level 20 Error Error: read ECONNRESET
2017-09-10T02:26:32.647Z Level 20 Error Error: read ECONNRESET
2017-09-10T02:26:32.647Z Level 20 Error Error: read ECONNRESET
2017-09-10T02:26:32.647Z Level 20 Error Error: read ECONNRESET
2017-09-10T02:26:32.647Z Level 20 Error Error: read ECONNRESET
2017-09-10T02:26:32.648Z Level 20 Error Error: read ECONNRESET
2017-09-10T02:26:32.648Z Level 20 Error Error: read ECONNRESET
2017-09-10T02:26:32.648Z Level 20 Error Error: read ECONNRESET
2017-09-10T02:26:32.649Z Level 20 Error Error: read ECONNRESET
2017-09-10T02:26:32.650Z Level 20 Error Error: read ECONNRESET
2017-09-10T02:26:32.651Z Level 20 Error Error: read ECONNRESET
2017-09-10T02:26:32.651Z Level 20 Error Error: read ECONNRESET
2017-09-10T02:26:32.652Z Level 20 Error Error: read ECONNRESET
2017-09-10T02:26:32.652Z Level 20 Error Error: read ECONNRESET
2017-09-10T02:26:32.652Z Level 20 Error Error: read ECONNRESET
2017-09-10T02:26:32.653Z Level 20 Error Error: read ECONNRESET
2017-09-10T02:26:32.640Z Level 20 Error Error: read ECONNRESET
2017-09-10T02:26:32.641Z Level 20 Error Error: read ECONNRESET
2017-09-10T02:26:32.641Z Level 20 Error Error: read ECONNRESET
2017-09-10T02:26:34.559Z Level 20 Error Error: read ECONNRESET
2017-09-10T02:26:34.563Z Level 20 Error Error: read ECONNRESET
2017-09-10T02:26:34.567Z Level 20 Error Error: read ECONNRESET
2017-09-10T02:26:34.562Z Level 20 Error Error: read ECONNRESET
2017-09-10T02:26:34.565Z Level 20 Error Error: read ECONNRESET
2017-09-10T02:26:34.566Z Level 20 Error Error: read ECONNRESET
2017-09-10T02:26:37.118Z Level 20 Error Error: read ECONNRESET
2017-09-10T02:26:37.121Z Level 20 Error Error: read ECONNRESET
2017-09-10T02:26:37.122Z Level 20 Error Error: read ECONNRESET
2017-09-10T02:26:37.123Z Level 20 Error Error: read ECONNRESET
2017-09-10T02:26:37.125Z Level 20 Error Error: read ECONNRESET
2017-09-10T02:26:37.126Z Level 20 Error Error: read ECONNRESET
2017-09-10T02:26:37.127Z Level 20 Error Error: read ECONNRESET
2017-09-10T02:26:37.128Z Level 20 Error Error: read ECONNRESET
2017-09-10T02:26:37.131Z Level 20 Error Error: read ECONNRESET
2017-09-10T02:26:37.132Z Level 20 Error Error: read ECONNRESET
2017-09-10T02:26:37.133Z Level 20 Error Error: read ECONNRESET
2017-09-10T02:26:37.134Z Level 20 Error Error: read ECONNRESET
2017-09-10T02:26:37.134Z Level 20 Error Error: read ECONNRESET
2017-09-10T02:26:37.119Z Level 20 Error Error: read ECONNRESET
2017-09-10T02:26:37.135Z Level 20 Error Error: read ECONNRESET
2017-09-10T02:26:37.136Z Level 20 Error Error: read ECONNRESET
2017-09-10T02:26:37.136Z Level 20 Error Error: read ECONNRESET
2017-09-10T02:26:37.137Z Level 20 Error Error: read ECONNRESET
2017-09-10T02:26:37.137Z Level 20 Error Error: read ECONNRESET
2017-09-10T02:26:37.120Z Level 20 Error Error: read ECONNRESET
2017-09-10T02:26:37.138Z Level 20 Error Error: read ECONNRESET
2017-09-10T02:26:37.139Z Level 20 Error Error: read ECONNRESET
2017-09-10T02:26:37.140Z Level 20 Error Error: read ECONNRESET
2017-09-10T02:26:37.135Z Level 20 Error Error: read ECONNRESET
2017-09-10T02:26:37.138Z Level 20 Error Error: read ECONNRESET
2017-09-10T02:26:37.139Z Level 20 Error Error: read ECONNRESET
2017-09-10T02:26:37.140Z Level 20 Error Error: read ECONNRESET
2017-09-10T04:26:59.370Z Level 20 Error Error: read ECONNRESET
2017-09-10T04:26:59.371Z Level 20 Error Error: read ECONNRESET
2017-09-10T04:26:59.371Z Level 20 Error Error: read ECONNRESET
2017-09-10T04:26:59.372Z Level 20 Error Error: read ECONNRESET
2017-09-10T04:26:59.372Z Level 20 Error Error: read ECONNRESET
2017-09-10T04:26:59.372Z Level 20 Error Error: read ECONNRESET
2017-09-10T04:26:59.373Z Level 20 Error Error: read ECONNRESET
2017-09-10T04:26:59.373Z Level 20 Error Error: read ECONNRESET
2017-09-10T04:26:59.374Z Level 20 Error Error: read ECONNRESET
2017-09-10T04:26:59.374Z Level 20 Error Error: read ECONNRESET
2017-09-10T04:26:59.374Z Level 20 Error Error: read ECONNRESET
2017-09-10T04:26:59.375Z Level 20 Error Error: read ECONNRESET
2017-09-10T04:26:59.375Z Level 20 Error Error: read ECONNRESET
2017-09-10T04:26:59.375Z Level 20 Error Error: read ECONNRESET
2017-09-10T04:26:59.376Z Level 20 Error Error: read ECONNRESET
2017-09-10T04:26:59.376Z Level 20 Error Error: read ECONNRESET
2017-09-10T04:26:59.376Z Level 20 Error Error: read ECONNRESET
2017-09-10T04:26:59.377Z Level 20 Error Error: read ECONNRESET
2017-09-10T04:26:59.377Z Level 20 Error Error: read ECONNRESET
2017-09-10T04:26:59.381Z Level 20 Error Error: read ECONNRESET
2017-09-10T04:26:59.381Z Level 20 Error Error: read ECONNRESET
2017-09-10T04:26:59.382Z Level 20 Error Error: read ECONNRESET
2017-09-10T04:26:59.382Z Level 20 Error Error: read ECONNRESET
2017-09-10T04:26:59.383Z Level 20 Error Error: read ECONNRESET
2017-09-10T04:26:59.369Z Level 20 Error Error: read ECONNRESET
2017-09-10T04:26:59.369Z Level 20 Error Error: read ECONNRESET
2017-09-10T04:26:59.370Z Level 20 Error Error: read ECONNRESET
2017-09-10T04:27:02.570Z Level 20 Error Error: read ECONNRESET
2017-09-10T04:27:02.579Z Level 20 Error Error: read ECONNRESET
2017-09-10T04:27:02.581Z Level 20 Error Error: read ECONNRESET
2017-09-10T04:27:02.582Z Level 20 Error Error: read ECONNRESET
2017-09-10T04:27:02.584Z Level 20 Error Error: read ECONNRESET
2017-09-10T04:27:02.587Z Level 20 Error Error: read ECONNRESET
2017-09-10T04:27:02.588Z Level 20 Error Error: read ECONNRESET
2017-09-10T04:27:02.590Z Level 20 Error Error: read ECONNRESET
2017-09-10T04:27:02.592Z Level 20 Error Error: read ECONNRESET
2017-09-10T04:27:02.593Z Level 20 Error Error: read ECONNRESET
2017-09-10T04:27:02.594Z Level 20 Error Error: read ECONNRESET
2017-09-10T04:27:02.595Z Level 20 Error Error: read ECONNRESET
2017-09-10T04:27:02.596Z Level 20 Error Error: read ECONNRESET
2017-09-10T04:27:02.597Z Level 20 Error Error: read ECONNRESET
2017-09-10T04:27:02.598Z Level 20 Error Error: read ECONNRESET
2017-09-10T04:27:02.600Z Level 20 Error Error: read ECONNRESET
2017-09-10T04:27:02.602Z Level 20 Error Error: read ECONNRESET
2017-09-10T04:27:02.604Z Level 20 Error Error: read ECONNRESET
2017-09-10T04:27:02.605Z Level 20 Error Error: read ECONNRESET
2017-09-10T04:27:02.607Z Level 20 Error Error: read ECONNRESET
2017-09-10T04:27:02.609Z Level 20 Error Error: read ECONNRESET
2017-09-10T04:27:02.610Z Level 20 Error Error: read ECONNRESET
2017-09-10T04:27:02.611Z Level 20 Error Error: read ECONNRESET
2017-09-10T04:27:02.611Z Level 20 Error Error: read ECONNRESET
2017-09-10T04:27:02.612Z Level 20 Error Error: read ECONNRESET
2017-09-10T04:27:02.573Z Level 20 Error Error: read ECONNRESET
2017-09-10T04:27:02.615Z Level 20 Error Error: read ECONNRESET
2017-09-10T04:27:02.616Z Level 20 Error Error: read ECONNRESET
2017-09-10T04:27:02.618Z Level 20 Error Error: read ECONNRESET
2017-09-10T04:27:02.621Z Level 20 Error Error: read ECONNRESET
2017-09-10T04:27:02.576Z Level 20 Error Error: read ECONNRESET
2017-09-10T04:27:02.578Z Level 20 Error Error: read ECONNRESET
2017-09-10T04:27:02.613Z Level 20 Error Error: read ECONNRESET
2017-09-10T04:27:04.490Z Level 20 Error Error: read ECONNRESET
2017-09-10T04:27:04.491Z Level 20 Error Error: read ECONNRESET
2017-09-10T04:27:04.492Z Level 20 Error Error: read ECONNRESET
2017-09-10T04:27:04.493Z Level 20 Error Error: read ECONNRESET
2017-09-10T04:27:04.494Z Level 20 Error Error: read ECONNRESET
2017-09-10T04:27:04.495Z Level 20 Error Error: read ECONNRESET
2017-09-10T06:26:58.086Z Level 20 Error Error: read ECONNRESET
2017-09-10T06:26:58.087Z Level 20 Error Error: read ECONNRESET
2017-09-10T06:26:58.087Z Level 20 Error Error: read ECONNRESET
2017-09-10T06:26:58.087Z Level 20 Error Error: read ECONNRESET
2017-09-10T06:26:58.087Z Level 20 Error Error: read ECONNRESET
2017-09-10T06:26:58.087Z Level 20 Error Error: read ECONNRESET
2017-09-10T06:26:58.088Z Level 20 Error Error: read ECONNRESET
2017-09-10T06:26:58.088Z Level 20 Error Error: read ECONNRESET
2017-09-10T06:26:58.088Z Level 20 Error Error: read ECONNRESET
2017-09-10T06:26:58.086Z Level 20 Error Error: read ECONNRESET
2017-09-10T06:26:58.088Z Level 20 Error Error: read ECONNRESET
2017-09-10T06:26:58.088Z Level 20 Error Error: read ECONNRESET
2017-09-10T06:26:58.088Z Level 20 Error Error: read ECONNRESET
2017-09-10T06:26:58.089Z Level 20 Error Error: read ECONNRESET
2017-09-10T06:26:58.089Z Level 20 Error Error: read ECONNRESET
2017-09-10T06:26:58.089Z Level 20 Error Error: read ECONNRESET
2017-09-10T06:26:58.089Z Level 20 Error Error: read ECONNRESET
2017-09-10T06:26:58.089Z Level 20 Error Error: read ECONNRESET
2017-09-10T06:26:58.090Z Level 20 Error Error: read ECONNRESET
2017-09-10T06:26:58.090Z Level 20 Error Error: read ECONNRESET
2017-09-10T06:26:58.090Z Level 20 Error Error: read ECONNRESET
2017-09-10T06:26:58.090Z Level 20 Error Error: read ECONNRESET
2017-09-10T06:26:58.090Z Level 20 Error Error: read ECONNRESET
2017-09-10T06:26:58.091Z Level 20 Error Error: read ECONNRESET
2017-09-10T06:26:58.091Z Level 20 Error Error: read ECONNRESET
2017-09-10T06:26:58.091Z Level 20 Error Error: read ECONNRESET
2017-09-10T06:26:58.091Z Level 20 Error Error: read ECONNRESET
2017-09-10T06:26:58.091Z Level 20 Error Error: read ECONNRESET
2017-09-10T06:26:58.091Z Level 20 Error Error: read ECONNRESET
2017-09-10T06:26:58.091Z Level 20 Error Error: read ECONNRESET
2017-09-10T06:26:58.091Z Level 20 Error Error: read ECONNRESET
2017-09-10T06:26:58.092Z Level 20 Error Error: read ECONNRESET
2017-09-10T06:26:58.092Z Level 20 Error Error: read ECONNRESET
2017-09-10T06:26:58.092Z Level 20 Error Error: read ECONNRESET
2017-09-10T06:26:58.087Z Level 20 Error Error: read ECONNRESET
2017-09-10T06:26:58.087Z Level 20 Error Error: read ECONNRESET
2017-09-10T06:26:58.092Z Level 20 Error Error: read ECONNRESET
2017-09-10T06:26:58.092Z Level 20 Error Error: read ECONNRESET
2017-09-10T06:26:58.088Z Level 20 Error Error: read ECONNRESET
2017-09-10T06:27:03.206Z Level 20 Error Error: read ECONNRESET
2017-09-10T06:27:03.206Z Level 20 Error Error: read ECONNRESET
2017-09-10T06:27:03.209Z Level 20 Error Error: read ECONNRESET
2017-09-10T06:27:03.209Z Level 20 Error Error: read ECONNRESET
2017-09-10T06:27:03.209Z Level 20 Error Error: read ECONNRESET
2017-09-10T06:27:03.210Z Level 20 Error Error: read ECONNRESET
2017-09-10T06:27:03.210Z Level 20 Error Error: read ECONNRESET
2017-09-10T06:27:03.210Z Level 20 Error Error: read ECONNRESET
2017-09-10T06:27:03.211Z Level 20 Error Error: read ECONNRESET
2017-09-10T06:27:03.211Z Level 20 Error Error: read ECONNRESET
2017-09-10T06:27:03.211Z Level 20 Error Error: read ECONNRESET
2017-09-10T06:27:03.211Z Level 20 Error Error: read ECONNRESET
2017-09-10T06:27:03.212Z Level 20 Error Error: read ECONNRESET
2017-09-10T06:27:03.212Z Level 20 Error Error: read ECONNRESET
2017-09-10T06:27:03.212Z Level 20 Error Error: read ECONNRESET
2017-09-10T06:27:03.212Z Level 20 Error Error: read ECONNRESET
2017-09-10T06:27:03.213Z Level 20 Error Error: read ECONNRESET
2017-09-10T06:27:03.213Z Level 20 Error Error: read ECONNRESET
2017-09-10T06:27:03.213Z Level 20 Error Error: read ECONNRESET
2017-09-10T06:27:03.213Z Level 20 Error Error: read ECONNRESET
2017-09-10T06:27:03.216Z Level 20 Error Error: read ECONNRESET
2017-09-10T06:27:03.216Z Level 20 Error Error: read ECONNRESET
2017-09-10T06:27:03.216Z Level 20 Error Error: read ECONNRESET
2017-09-10T06:27:03.216Z Level 20 Error Error: read ECONNRESET
2017-09-10T06:27:03.205Z Level 20 Error Error: read ECONNRESET
2017-09-10T06:27:03.207Z Level 20 Error Error: read ECONNRESET
2017-09-10T06:27:03.208Z Level 20 Error Error: read ECONNRESET
2017-09-10T08:26:56.812Z Level 20 Error Error: read ECONNRESET
2017-09-10T08:26:56.811Z Level 20 Error Error: read ECONNRESET
2017-09-10T08:26:56.812Z Level 20 Error Error: read ECONNRESET
2017-09-10T08:26:56.813Z Level 20 Error Error: read ECONNRESET
2017-09-10T08:26:56.812Z Level 20 Error Error: read ECONNRESET
2017-09-10T08:26:56.813Z Level 20 Error Error: read ECONNRESET
2017-09-10T08:26:56.813Z Level 20 Error Error: read ECONNRESET
2017-09-10T08:26:56.813Z Level 20 Error Error: read ECONNRESET
2017-09-10T08:26:56.812Z Level 20 Error Error: read ECONNRESET
2017-09-10T08:26:56.813Z Level 20 Error Error: read ECONNRESET
2017-09-10T08:26:56.814Z Level 20 Error Error: read ECONNRESET
2017-09-10T08:26:56.814Z Level 20 Error Error: read ECONNRESET
2017-09-10T08:26:56.814Z Level 20 Error Error: read ECONNRESET
2017-09-10T08:26:56.814Z Level 20 Error Error: read ECONNRESET
2017-09-10T08:26:56.814Z Level 20 Error Error: read ECONNRESET
2017-09-10T08:26:56.814Z Level 20 Error Error: read ECONNRESET
2017-09-10T08:26:56.815Z Level 20 Error Error: read ECONNRESET
2017-09-10T08:26:56.815Z Level 20 Error Error: read ECONNRESET
2017-09-10T08:26:56.815Z Level 20 Error Error: read ECONNRESET
2017-09-10T08:26:56.816Z Level 20 Error Error: read ECONNRESET
2017-09-10T08:26:56.817Z Level 20 Error Error: read ECONNRESET
2017-09-10T08:26:56.817Z Level 20 Error Error: read ECONNRESET
2017-09-10T08:26:56.817Z Level 20 Error Error: read ECONNRESET
2017-09-10T08:26:56.818Z Level 20 Error Error: read ECONNRESET
2017-09-10T08:26:56.812Z Level 20 Error Error: read ECONNRESET
2017-09-10T08:26:56.813Z Level 20 Error Error: read ECONNRESET
2017-09-10T08:26:56.818Z Level 20 Error Error: read ECONNRESET
2017-09-10T08:27:01.932Z Level 20 Error Error: read ECONNRESET
2017-09-10T08:27:01.931Z Level 20 Error Error: read ECONNRESET
2017-09-10T08:27:01.932Z Level 20 Error Error: read ECONNRESET
2017-09-10T08:27:01.931Z Level 20 Error Error: read ECONNRESET
2017-09-10T08:27:01.932Z Level 20 Error Error: read ECONNRESET
2017-09-10T08:27:01.933Z Level 20 Error Error: read ECONNRESET
2017-09-10T08:27:01.932Z Level 20 Error Error: read ECONNRESET
2017-09-10T08:27:01.933Z Level 20 Error Error: read ECONNRESET
2017-09-10T08:27:01.934Z Level 20 Error Error: read ECONNRESET
2017-09-10T08:27:01.934Z Level 20 Error Error: read ECONNRESET
2017-09-10T08:27:01.934Z Level 20 Error Error: read ECONNRESET
2017-09-10T08:27:01.934Z Level 20 Error Error: read ECONNRESET
2017-09-10T08:27:01.935Z Level 20 Error Error: read ECONNRESET
2017-09-10T08:27:01.935Z Level 20 Error Error: read ECONNRESET
2017-09-10T08:27:01.935Z Level 20 Error Error: read ECONNRESET
2017-09-10T08:27:01.935Z Level 20 Error Error: read ECONNRESET
2017-09-10T08:27:01.936Z Level 20 Error Error: read ECONNRESET
2017-09-10T08:27:01.936Z Level 20 Error Error: read ECONNRESET
2017-09-10T08:27:01.936Z Level 20 Error Error: read ECONNRESET
2017-09-10T08:27:01.937Z Level 20 Error Error: read ECONNRESET
2017-09-10T08:27:01.937Z Level 20 Error Error: read ECONNRESET
2017-09-10T08:27:01.937Z Level 20 Error Error: read ECONNRESET
2017-09-10T08:27:01.937Z Level 20 Error Error: read ECONNRESET
2017-09-10T08:27:01.938Z Level 20 Error Error: read ECONNRESET
2017-09-10T08:27:01.938Z Level 20 Error Error: read ECONNRESET
2017-09-10T08:27:01.938Z Level 20 Error Error: read ECONNRESET
2017-09-10T08:27:01.938Z Level 20 Error Error: read ECONNRESET
2017-09-10T08:27:01.939Z Level 20 Error Error: read ECONNRESET
2017-09-10T08:27:01.939Z Level 20 Error Error: read ECONNRESET
2017-09-10T08:27:01.940Z Level 20 Error Error: read ECONNRESET
2017-09-10T08:27:01.940Z Level 20 Error Error: read ECONNRESET
2017-09-10T08:27:01.940Z Level 20 Error Error: read ECONNRESET
2017-09-10T08:27:01.940Z Level 20 Error Error: read ECONNRESET
2017-09-10T08:27:01.940Z Level 20 Error Error: read ECONNRESET
2017-09-10T08:27:01.941Z Level 20 Error Error: read ECONNRESET
2017-09-10T08:27:01.941Z Level 20 Error Error: read ECONNRESET
2017-09-10T08:27:01.941Z Level 20 Error Error: read ECONNRESET
2017-09-10T08:27:01.942Z Level 20 Error Error: read ECONNRESET
2017-09-10T08:27:01.942Z Level 20 Error Error: read ECONNRESET
2017-09-10T14:55:11.773Z Level 20 Error Error: read ECONNRESET
2017-09-10T14:55:11.777Z Level 20 Error Error: read ECONNRESET
2017-09-10T14:55:11.778Z Level 20 Error Error: read ECONNRESET
2017-09-10T14:55:11.779Z Level 20 Error Error: read ECONNRESET
2017-09-10T14:55:11.780Z Level 20 Error Error: read ECONNRESET
2017-09-10T14:55:11.780Z Level 20 Error Error: read ECONNRESET
2017-09-10T14:55:11.780Z Level 20 Error Error: read ECONNRESET
2017-09-10T14:55:11.781Z Level 20 Error Error: read ECONNRESET
2017-09-10T14:55:11.781Z Level 20 Error Error: read ECONNRESET
2017-09-10T14:55:11.782Z Level 20 Error Error: read ECONNRESET
2017-09-10T14:55:11.803Z Level 20 Error Error: read ECONNRESET
2017-09-10T14:55:11.804Z Level 20 Error Error: read ECONNRESET
2017-09-10T14:55:11.806Z Level 20 Error Error: read ECONNRESET
2017-09-10T14:55:11.806Z Level 20 Error Error: read ECONNRESET
2017-09-10T14:55:11.806Z Level 20 Error Error: read ECONNRESET
2017-09-10T14:55:11.807Z Level 20 Error Error: read ECONNRESET
2017-09-10T14:55:11.807Z Level 20 Error Error: read ECONNRESET
2017-09-10T14:55:11.807Z Level 20 Error Error: read ECONNRESET
2017-09-10T14:55:11.808Z Level 20 Error Error: read ECONNRESET
2017-09-10T14:55:11.808Z Level 20 Error Error: read ECONNRESET
2017-09-10T14:55:11.809Z Level 20 Error Error: read ECONNRESET
2017-09-10T14:55:11.809Z Level 20 Error Error: read ECONNRESET
2017-09-10T14:55:11.810Z Level 20 Error Error: read ECONNRESET
2017-09-10T14:55:11.810Z Level 20 Error Error: read ECONNRESET
2017-09-10T14:55:11.810Z Level 20 Error Error: read ECONNRESET
2017-09-10T14:55:11.811Z Level 20 Error Error: read ECONNRESET
2017-09-10T14:55:11.811Z Level 20 Error Error: read ECONNRESET
2017-09-10T14:55:11.812Z Level 20 Error Error: read ECONNRESET
2017-09-10T14:55:11.812Z Level 20 Error Error: read ECONNRESET
2017-09-10T14:55:11.813Z Level 20 Error Error: read ECONNRESET
2017-09-10T14:55:11.814Z Level 20 Error Error: read ECONNRESET
2017-09-10T14:55:11.814Z Level 20 Error Error: read ECONNRESET
2017-09-10T14:55:11.816Z Level 20 Error Error: read ECONNRESET
2017-09-10T14:55:11.815Z Level 20 Error Error: read ECONNRESET
2017-09-10T14:55:11.815Z Level 20 Error Error: read ECONNRESET
2017-09-10T14:55:11.816Z Level 20 Error Error: read ECONNRESET
2017-09-10T14:55:11.817Z Level 20 Error Error: read ECONNRESET
2017-09-10T14:55:11.817Z Level 20 Error Error: read ECONNRESET
2017-09-10T14:55:11.817Z Level 20 Error Error: read ECONNRESET
2017-09-10T14:55:11.818Z Level 20 Error Error: read ECONNRESET
2017-09-10T14:55:11.818Z Level 20 Error Error: read ECONNRESET
2017-09-10T14:55:11.819Z Level 20 Error Error: read ECONNRESET
2017-09-10T14:55:11.819Z Level 20 Error Error: read ECONNRESET
2017-09-10T14:55:11.819Z Level 20 Error Error: read ECONNRESET
2017-09-10T14:55:11.820Z Level 20 Error Error: read ECONNRESET
2017-09-10T14:55:11.820Z Level 20 Error Error: read ECONNRESET
2017-09-10T14:55:11.820Z Level 20 Error Error: read ECONNRESET
2017-09-10T14:55:11.821Z Level 20 Error Error: read ECONNRESET
2017-09-10T14:55:11.822Z Level 20 Error Error: read ECONNRESET
2017-09-10T14:55:11.822Z Level 20 Error Error: read ECONNRESET
2017-09-10T14:55:11.822Z Level 20 Error Error: read ECONNRESET
2017-09-10T14:55:11.823Z Level 20 Error Error: read ECONNRESET
2017-09-10T14:55:11.823Z Level 20 Error Error: read ECONNRESET
2017-09-10T14:55:11.824Z Level 20 Error Error: read ECONNRESET
2017-09-10T14:55:11.825Z Level 20 Error Error: read ECONNRESET
2017-09-10T14:55:11.826Z Level 20 Error Error: read ECONNRESET
2017-09-10T14:55:11.827Z Level 20 Error Error: read ECONNRESET
2017-09-10T14:55:11.827Z Level 20 Error Error: read ECONNRESET
2017-09-10T14:55:11.828Z Level 20 Error Error: read ECONNRESET
2017-09-10T14:55:11.828Z Level 20 Error Error: read ECONNRESET
2017-09-10T14:55:11.829Z Level 20 Error Error: read ECONNRESET
2017-09-10T14:55:11.829Z Level 20 Error Error: read ECONNRESET
2017-09-10T14:55:11.768Z Level 20 Error Error: read ECONNRESET
2017-09-10T14:55:11.774Z Level 20 Error Error: read ECONNRESET
2017-09-10T14:55:11.775Z Level 20 Error Error: read ECONNRESET
2017-09-10T14:55:11.830Z Level 20 Error Error: read ECONNRESET
2017-09-10T15:24:23.811Z Level 40 Uninstalling module: node-red-contrib-redis
2017-09-10T15:24:32.663Z Level 40 Uninstalled module: node-red-contrib-redis
2017-09-10T15:24:32.664Z Level 40  - node-red-contrib-redis:redis-out
2017-09-10T15:24:32.664Z Level 40  - node-red-contrib-redis:redis-command
2017-09-10T15:24:32.664Z Level 40  - node-red-contrib-redis:redis-lua-script
2017-09-10T15:24:32.663Z Level 40 Removed node types:
2017-09-10T15:24:32.664Z Level 40  - node-red-contrib-redis:redis-config
2017-09-10T15:24:32.664Z Level 40  - node-red-contrib-redis:redis-in
2017-09-10T15:28:28.344Z Level 40 User *** dfn49 Said *** what is my deductible
2017-09-10T15:28:29.001Z Level 40 User *** dfn49 Response *** Your deductable is 5,000 per claim. There are limits on the dwelling of 1.2 million, liability of 1 million, medical payments of 10,000 and contents at replacement cost. Anything else on your mind?
2017-09-10T15:28:42.430Z Level 40 User *** dfn49 Said *** status of my claim
2017-09-10T15:28:43.025Z Level 40 User *** dfn49 Response *** Hi dennis, I see by our records that you are a policy holder with Open Insurance. Is that correct? 
2017-09-10T15:28:52.247Z Level 40 User *** dfn49 Said *** yes
2017-09-10T15:28:52.846Z Level 40 User *** dfn49 Response *** dennis, we are sorry for your loss.  I see by your recent claim that a tree appears to have fallen on your roof.  Can you confirm? 
2017-09-11T14:33:01.767Z Level 20 Error Error: read ECONNRESET
2017-09-11T14:33:01.773Z Level 20 Error Error: read ECONNRESET
2017-09-11T14:33:01.770Z Level 20 Error Error: read ECONNRESET
2017-09-11T14:33:01.775Z Level 20 Error Error: read ECONNRESET
2017-09-11T14:33:01.774Z Level 20 Error Error: read ECONNRESET
2017-09-11T14:33:01.776Z Level 20 Error Error: read ECONNRESET
2017-09-11T14:33:01.777Z Level 20 Error Error: read ECONNRESET
2017-09-11T14:33:01.778Z Level 20 Error Error: read ECONNRESET
2017-09-11T14:33:01.779Z Level 20 Error Error: read ECONNRESET
2017-09-11T14:33:01.780Z Level 20 Error Error: read ECONNRESET
2017-09-11T14:33:01.781Z Level 20 Error Error: read ECONNRESET
2017-09-11T14:33:01.783Z Level 20 Error Error: read ECONNRESET
2017-09-11T14:33:01.782Z Level 20 Error Error: read ECONNRESET
2017-09-11T14:33:01.785Z Level 20 Error Error: read ECONNRESET
2017-09-11T14:33:01.785Z Level 20 Error Error: read ECONNRESET
2017-09-11T14:33:01.784Z Level 20 Error Error: read ECONNRESET
2017-09-11T14:33:01.787Z Level 20 Error Error: read ECONNRESET
2017-09-11T14:33:01.788Z Level 20 Error Error: read ECONNRESET
2017-09-11T14:33:01.789Z Level 20 Error Error: read ECONNRESET
2017-09-11T14:33:01.796Z Level 20 Error Error: read ECONNRESET
2017-09-11T14:33:01.797Z Level 20 Error Error: read ECONNRESET
2017-09-11T14:33:01.798Z Level 20 Error Error: read ECONNRESET
2017-09-11T14:33:01.798Z Level 20 Error Error: read ECONNRESET
2017-09-11T14:33:01.799Z Level 20 Error Error: read ECONNRESET
2017-09-11T14:33:01.800Z Level 20 Error Error: read ECONNRESET
2017-09-11T14:33:01.801Z Level 20 Error Error: read ECONNRESET
2017-09-11T14:33:01.801Z Level 20 Error Error: read ECONNRESET
2017-09-11T14:33:01.802Z Level 20 Error Error: read ECONNRESET
2017-09-11T14:33:01.803Z Level 20 Error Error: read ECONNRESET
2017-09-11T14:33:01.804Z Level 20 Error Error: read ECONNRESET
2017-09-11T14:33:01.805Z Level 20 Error Error: read ECONNRESET
2017-09-11T14:33:01.805Z Level 20 Error Error: read ECONNRESET
2017-09-11T14:33:01.806Z Level 20 Error Error: read ECONNRESET
2017-09-11T14:33:01.807Z Level 20 Error Error: read ECONNRESET
2017-09-11T14:33:01.808Z Level 20 Error Error: read ECONNRESET
2017-09-11T14:33:01.809Z Level 20 Error Error: read ECONNRESET
2017-09-11T14:33:01.809Z Level 20 Error Error: read ECONNRESET
2017-09-11T14:33:01.810Z Level 20 Error Error: read ECONNRESET
2017-09-11T14:33:01.811Z Level 20 Error Error: read ECONNRESET
2017-09-11T14:33:01.812Z Level 20 Error Error: read ECONNRESET
2017-09-11T14:33:01.813Z Level 20 Error Error: read ECONNRESET
2017-09-11T14:33:01.814Z Level 20 Error Error: read ECONNRESET
2017-09-11T14:33:01.815Z Level 20 Error Error: read ECONNRESET
2017-09-11T14:33:01.816Z Level 20 Error Error: read ECONNRESET
2017-09-11T14:33:01.817Z Level 20 Error Error: read ECONNRESET
2017-09-11T14:33:01.818Z Level 20 Error Error: read ECONNRESET
2017-09-11T14:33:01.819Z Level 20 Error Error: read ECONNRESET
2017-09-11T14:33:01.820Z Level 20 Error Error: read ECONNRESET
2017-09-11T14:33:01.820Z Level 20 Error Error: read ECONNRESET
2017-09-11T14:33:01.821Z Level 20 Error Error: read ECONNRESET
2017-09-11T14:33:01.822Z Level 20 Error Error: read ECONNRESET
2017-09-11T14:33:01.822Z Level 20 Error Error: read ECONNRESET
2017-09-11T14:33:01.824Z Level 20 Error Error: read ECONNRESET
2017-09-11T14:33:01.824Z Level 20 Error Error: read ECONNRESET
2017-09-11T14:33:01.825Z Level 20 Error Error: read ECONNRESET
2017-09-11T14:33:01.826Z Level 20 Error Error: read ECONNRESET
2017-09-11T14:33:01.827Z Level 20 Error Error: read ECONNRESET
2017-09-11T14:33:01.828Z Level 20 Error Error: read ECONNRESET
2017-09-11T14:33:01.828Z Level 20 Error Error: read ECONNRESET
2017-09-11T14:33:01.829Z Level 20 Error Error: read ECONNRESET
2017-09-11T14:33:01.830Z Level 20 Error Error: read ECONNRESET
2017-09-11T14:33:01.831Z Level 20 Error Error: read ECONNRESET
2017-09-11T14:33:01.832Z Level 20 Error Error: read ECONNRESET
2017-09-11T14:33:01.769Z Level 20 Error Error: read ECONNRESET
2017-09-11T14:33:01.762Z Level 20 Error Error: read ECONNRESET
2017-09-11T14:33:01.768Z Level 20 Error Error: read ECONNRESET
2017-09-11T15:50:34.859Z Level 40 User *** dfn49 Said *** yes
2017-09-11T15:50:35.525Z Level 40 User *** dfn49 Response *** Great, based on the contents of the letter, your property coverage is replacement cost up to the agreed assessed replacement value of your house. We see from the adjuster’s notes that this should be well under that amount. You should have plenty of coverage. Any questions about your claim or coverage? 
2017-09-11T16:33:06.938Z Level 20 Error Error: read ECONNRESET
2017-09-11T16:33:06.939Z Level 20 Error Error: read ECONNRESET
2017-09-11T16:33:06.939Z Level 20 Error Error: read ECONNRESET
2017-09-11T16:33:06.940Z Level 20 Error Error: read ECONNRESET
2017-09-11T16:33:06.939Z Level 20 Error Error: read ECONNRESET
2017-09-11T16:33:06.940Z Level 20 Error Error: read ECONNRESET
2017-09-11T16:33:06.940Z Level 20 Error Error: read ECONNRESET
2017-09-11T16:33:06.940Z Level 20 Error Error: read ECONNRESET
2017-09-11T16:33:06.941Z Level 20 Error Error: read ECONNRESET
2017-09-11T16:33:06.937Z Level 20 Error Error: read ECONNRESET
2017-09-11T16:33:06.941Z Level 20 Error Error: read ECONNRESET
2017-09-11T16:33:06.941Z Level 20 Error Error: read ECONNRESET
2017-09-11T16:33:06.942Z Level 20 Error Error: read ECONNRESET
2017-09-11T16:33:06.945Z Level 20 Error Error: read ECONNRESET
2017-09-11T16:33:06.945Z Level 20 Error Error: read ECONNRESET
2017-09-11T16:33:06.946Z Level 20 Error Error: read ECONNRESET
2017-09-11T16:33:06.947Z Level 20 Error Error: read ECONNRESET
2017-09-11T16:33:06.947Z Level 20 Error Error: read ECONNRESET
2017-09-11T16:33:06.948Z Level 20 Error Error: read ECONNRESET
2017-09-11T16:33:06.948Z Level 20 Error Error: read ECONNRESET
2017-09-11T16:33:06.949Z Level 20 Error Error: read ECONNRESET
2017-09-11T16:33:06.949Z Level 20 Error Error: read ECONNRESET
2017-09-11T16:33:06.953Z Level 20 Error Error: read ECONNRESET
2017-09-11T16:33:06.953Z Level 20 Error Error: read ECONNRESET
2017-09-11T16:33:06.954Z Level 20 Error Error: read ECONNRESET
2017-09-11T16:33:06.954Z Level 20 Error Error: read ECONNRESET
2017-09-11T16:33:06.955Z Level 20 Error Error: read ECONNRESET
2017-09-11T16:33:06.955Z Level 20 Error Error: read ECONNRESET
2017-09-11T16:33:06.956Z Level 20 Error Error: read ECONNRESET
2017-09-11T16:33:06.957Z Level 20 Error Error: read ECONNRESET
2017-09-11T16:33:06.957Z Level 20 Error Error: read ECONNRESET
2017-09-11T16:33:06.958Z Level 20 Error Error: read ECONNRESET
2017-09-11T16:33:06.958Z Level 20 Error Error: read ECONNRESET
2017-09-11T16:33:06.959Z Level 20 Error Error: read ECONNRESET
2017-09-11T16:33:06.959Z Level 20 Error Error: read ECONNRESET
2017-09-11T16:33:06.960Z Level 20 Error Error: read ECONNRESET
2017-09-11T16:33:06.961Z Level 20 Error Error: read ECONNRESET
2017-09-11T16:33:06.961Z Level 20 Error Error: read ECONNRESET
2017-09-11T16:33:06.962Z Level 20 Error Error: read ECONNRESET
2017-09-11T16:33:06.962Z Level 20 Error Error: read ECONNRESET
2017-09-11T16:33:06.963Z Level 20 Error Error: read ECONNRESET
2017-09-11T16:33:06.963Z Level 20 Error Error: read ECONNRESET
2017-09-11T16:33:06.964Z Level 20 Error Error: read ECONNRESET
2017-09-11T16:33:06.964Z Level 20 Error Error: read ECONNRESET
2017-09-11T16:33:06.965Z Level 20 Error Error: read ECONNRESET
2017-09-11T16:33:06.965Z Level 20 Error Error: read ECONNRESET
2017-09-11T16:33:06.966Z Level 20 Error Error: read ECONNRESET
2017-09-11T16:33:06.966Z Level 20 Error Error: read ECONNRESET
2017-09-11T16:33:06.967Z Level 20 Error Error: read ECONNRESET
2017-09-11T16:33:06.968Z Level 20 Error Error: read ECONNRESET
2017-09-11T16:33:06.968Z Level 20 Error Error: read ECONNRESET
2017-09-11T16:33:06.969Z Level 20 Error Error: read ECONNRESET
2017-09-11T16:33:06.969Z Level 20 Error Error: read ECONNRESET
2017-09-11T16:33:06.970Z Level 20 Error Error: read ECONNRESET
2017-09-11T16:33:06.969Z Level 20 Error Error: read ECONNRESET
2017-09-11T16:33:06.970Z Level 20 Error Error: read ECONNRESET
2017-09-11T16:33:06.971Z Level 20 Error Error: read ECONNRESET
2017-09-11T16:33:06.971Z Level 20 Error Error: read ECONNRESET
2017-09-11T16:33:06.972Z Level 20 Error Error: read ECONNRESET
2017-09-11T16:33:06.972Z Level 20 Error Error: read ECONNRESET
2017-09-11T16:33:06.973Z Level 20 Error Error: read ECONNRESET
2017-09-11T16:33:06.973Z Level 20 Error Error: read ECONNRESET
2017-09-11T16:33:06.974Z Level 20 Error Error: read ECONNRESET
2017-09-11T16:33:06.938Z Level 20 Error Error: read ECONNRESET
2017-09-11T16:33:06.938Z Level 20 Error Error: read ECONNRESET
2017-09-11T16:33:06.943Z Level 20 Error Error: read ECONNRESET
2017-09-11T18:33:10.775Z Level 20 Error Error: read ECONNRESET
2017-09-11T18:33:10.780Z Level 20 Error Error: read ECONNRESET
2017-09-11T18:33:10.781Z Level 20 Error Error: read ECONNRESET
2017-09-11T18:33:10.780Z Level 20 Error Error: read ECONNRESET
2017-09-11T18:33:10.779Z Level 20 Error Error: read ECONNRESET
2017-09-11T18:33:10.781Z Level 20 Error Error: read ECONNRESET
2017-09-11T18:33:10.782Z Level 20 Error Error: read ECONNRESET
2017-09-11T18:33:10.782Z Level 20 Error Error: read ECONNRESET
2017-09-11T18:33:10.783Z Level 20 Error Error: read ECONNRESET
2017-09-11T18:33:10.783Z Level 20 Error Error: read ECONNRESET
2017-09-11T18:33:10.781Z Level 20 Error Error: read ECONNRESET
2017-09-11T18:33:10.784Z Level 20 Error Error: read ECONNRESET
2017-09-11T18:33:10.785Z Level 20 Error Error: read ECONNRESET
2017-09-11T18:33:10.786Z Level 20 Error Error: read ECONNRESET
2017-09-11T18:33:10.786Z Level 20 Error Error: read ECONNRESET
2017-09-11T18:33:10.787Z Level 20 Error Error: read ECONNRESET
2017-09-11T18:33:10.787Z Level 20 Error Error: read ECONNRESET
2017-09-11T18:33:10.788Z Level 20 Error Error: read ECONNRESET
2017-09-11T18:33:10.788Z Level 20 Error Error: read ECONNRESET
2017-09-11T18:33:10.789Z Level 20 Error Error: read ECONNRESET
2017-09-11T18:33:10.790Z Level 20 Error Error: read ECONNRESET
2017-09-11T18:33:10.779Z Level 20 Error Error: read ECONNRESET
2017-09-11T18:33:10.791Z Level 20 Error Error: read ECONNRESET
2017-09-11T18:33:10.792Z Level 20 Error Error: read ECONNRESET
2017-09-11T18:33:10.793Z Level 20 Error Error: read ECONNRESET
2017-09-11T18:33:10.793Z Level 20 Error Error: read ECONNRESET
2017-09-11T18:33:10.795Z Level 20 Error Error: read ECONNRESET
2017-09-11T18:33:10.794Z Level 20 Error Error: read ECONNRESET
2017-09-11T18:33:10.795Z Level 20 Error Error: read ECONNRESET
2017-09-11T18:33:10.796Z Level 20 Error Error: read ECONNRESET
2017-09-11T18:33:10.797Z Level 20 Error Error: read ECONNRESET
2017-09-11T18:33:10.797Z Level 20 Error Error: read ECONNRESET
2017-09-11T18:33:10.798Z Level 20 Error Error: read ECONNRESET
2017-09-11T18:33:10.799Z Level 20 Error Error: read ECONNRESET
2017-09-11T18:33:10.799Z Level 20 Error Error: read ECONNRESET
2017-09-11T18:33:10.800Z Level 20 Error Error: read ECONNRESET
2017-09-11T18:33:10.801Z Level 20 Error Error: read ECONNRESET
2017-09-11T18:33:10.801Z Level 20 Error Error: read ECONNRESET
2017-09-11T18:33:10.802Z Level 20 Error Error: read ECONNRESET
2017-09-11T18:33:10.802Z Level 20 Error Error: read ECONNRESET
2017-09-11T18:33:10.803Z Level 20 Error Error: read ECONNRESET
2017-09-11T18:33:10.804Z Level 20 Error Error: read ECONNRESET
2017-09-11T18:33:10.804Z Level 20 Error Error: read ECONNRESET
2017-09-11T18:33:10.805Z Level 20 Error Error: read ECONNRESET
2017-09-11T18:33:10.806Z Level 20 Error Error: read ECONNRESET
2017-09-11T18:33:10.806Z Level 20 Error Error: read ECONNRESET
2017-09-11T18:33:10.807Z Level 20 Error Error: read ECONNRESET
2017-09-11T18:33:10.808Z Level 20 Error Error: read ECONNRESET
2017-09-11T18:33:10.808Z Level 20 Error Error: read ECONNRESET
2017-09-11T18:33:10.809Z Level 20 Error Error: read ECONNRESET
2017-09-11T18:33:10.810Z Level 20 Error Error: read ECONNRESET
2017-09-11T18:33:10.778Z Level 20 Error Error: read ECONNRESET
2017-09-11T18:33:10.811Z Level 20 Error Error: read ECONNRESET
2017-09-11T18:33:10.811Z Level 20 Error Error: read ECONNRESET
2017-09-11T18:33:10.812Z Level 20 Error Error: read ECONNRESET
2017-09-11T18:33:10.813Z Level 20 Error Error: read ECONNRESET
2017-09-11T18:33:10.814Z Level 20 Error Error: read ECONNRESET
2017-09-11T18:33:10.814Z Level 20 Error Error: read ECONNRESET
2017-09-11T18:33:10.815Z Level 20 Error Error: read ECONNRESET
2017-09-11T18:33:10.816Z Level 20 Error Error: read ECONNRESET
2017-09-11T18:33:10.816Z Level 20 Error Error: read ECONNRESET
2017-09-11T18:33:10.817Z Level 20 Error Error: read ECONNRESET
2017-09-11T18:33:10.817Z Level 20 Error Error: read ECONNRESET
2017-09-11T18:33:10.776Z Level 20 Error Error: read ECONNRESET
2017-09-11T18:33:10.790Z Level 20 Error Error: read ECONNRESET
2017-09-11T18:33:10.810Z Level 20 Error Error: read ECONNRESET
2017-09-11T20:33:04.382Z Level 20 Error Error: read ECONNRESET
2017-09-11T20:33:04.384Z Level 20 Error Error: read ECONNRESET
2017-09-11T20:33:04.383Z Level 20 Error Error: read ECONNRESET
2017-09-11T20:33:04.385Z Level 20 Error Error: read ECONNRESET
2017-09-11T20:33:04.383Z Level 20 Error Error: read ECONNRESET
2017-09-11T20:33:04.382Z Level 20 Error Error: read ECONNRESET
2017-09-11T20:33:04.385Z Level 20 Error Error: read ECONNRESET
2017-09-11T20:33:04.386Z Level 20 Error Error: read ECONNRESET
2017-09-11T20:33:04.387Z Level 20 Error Error: read ECONNRESET
2017-09-11T20:33:04.387Z Level 20 Error Error: read ECONNRESET
2017-09-11T20:33:04.388Z Level 20 Error Error: read ECONNRESET
2017-09-11T20:33:04.389Z Level 20 Error Error: read ECONNRESET
2017-09-11T20:33:04.389Z Level 20 Error Error: read ECONNRESET
2017-09-11T20:33:04.390Z Level 20 Error Error: read ECONNRESET
2017-09-11T20:33:04.379Z Level 20 Error Error: read ECONNRESET
2017-09-11T20:33:04.391Z Level 20 Error Error: read ECONNRESET
2017-09-11T20:33:04.391Z Level 20 Error Error: read ECONNRESET
2017-09-11T20:33:04.392Z Level 20 Error Error: read ECONNRESET
2017-09-11T20:33:04.392Z Level 20 Error Error: read ECONNRESET
2017-09-11T20:33:04.393Z Level 20 Error Error: read ECONNRESET
2017-09-11T20:33:04.393Z Level 20 Error Error: read ECONNRESET
2017-09-11T20:33:04.394Z Level 20 Error Error: read ECONNRESET
2017-09-11T20:33:04.395Z Level 20 Error Error: read ECONNRESET
2017-09-11T20:33:04.395Z Level 20 Error Error: read ECONNRESET
2017-09-11T20:33:04.395Z Level 20 Error Error: read ECONNRESET
2017-09-11T20:33:04.396Z Level 20 Error Error: read ECONNRESET
2017-09-11T20:33:04.397Z Level 20 Error Error: read ECONNRESET
2017-09-11T20:33:04.397Z Level 20 Error Error: read ECONNRESET
2017-09-11T20:33:04.398Z Level 20 Error Error: read ECONNRESET
2017-09-11T20:33:04.398Z Level 20 Error Error: read ECONNRESET
2017-09-11T20:33:04.399Z Level 20 Error Error: read ECONNRESET
2017-09-11T20:33:04.399Z Level 20 Error Error: read ECONNRESET
2017-09-11T20:33:04.400Z Level 20 Error Error: read ECONNRESET
2017-09-11T20:33:04.401Z Level 20 Error Error: read ECONNRESET
2017-09-11T20:33:04.401Z Level 20 Error Error: read ECONNRESET
2017-09-11T20:33:04.402Z Level 20 Error Error: read ECONNRESET
2017-09-11T20:33:04.402Z Level 20 Error Error: read ECONNRESET
2017-09-11T20:33:04.403Z Level 20 Error Error: read ECONNRESET
2017-09-11T20:33:04.403Z Level 20 Error Error: read ECONNRESET
2017-09-11T20:33:04.404Z Level 20 Error Error: read ECONNRESET
2017-09-11T20:33:04.405Z Level 20 Error Error: read ECONNRESET
2017-09-11T20:33:04.405Z Level 20 Error Error: read ECONNRESET
2017-09-11T20:33:04.406Z Level 20 Error Error: read ECONNRESET
2017-09-11T20:33:04.407Z Level 20 Error Error: read ECONNRESET
2017-09-11T20:33:04.407Z Level 20 Error Error: read ECONNRESET
2017-09-11T20:33:04.407Z Level 20 Error Error: read ECONNRESET
2017-09-11T20:33:04.408Z Level 20 Error Error: read ECONNRESET
2017-09-11T20:33:04.409Z Level 20 Error Error: read ECONNRESET
2017-09-11T20:33:04.409Z Level 20 Error Error: read ECONNRESET
2017-09-11T20:33:04.409Z Level 20 Error Error: read ECONNRESET
2017-09-11T20:33:04.410Z Level 20 Error Error: read ECONNRESET
2017-09-11T20:33:04.411Z Level 20 Error Error: read ECONNRESET
2017-09-11T20:33:04.411Z Level 20 Error Error: read ECONNRESET
2017-09-11T20:33:04.412Z Level 20 Error Error: read ECONNRESET
2017-09-11T20:33:04.412Z Level 20 Error Error: read ECONNRESET
2017-09-11T20:33:04.413Z Level 20 Error Error: read ECONNRESET
2017-09-11T20:33:04.381Z Level 20 Error Error: read ECONNRESET
2017-09-11T20:33:04.414Z Level 20 Error Error: read ECONNRESET
2017-09-11T20:33:04.385Z Level 20 Error Error: read ECONNRESET
2017-09-11T20:33:04.417Z Level 20 Error Error: read ECONNRESET
2017-09-11T20:33:04.417Z Level 20 Error Error: read ECONNRESET
2017-09-11T20:33:04.418Z Level 20 Error Error: read ECONNRESET
2017-09-11T20:33:04.419Z Level 20 Error Error: read ECONNRESET
2017-09-11T20:33:04.390Z Level 20 Error Error: read ECONNRESET
2017-09-11T20:33:04.413Z Level 20 Error Error: read ECONNRESET
2017-09-11T20:33:04.414Z Level 20 Error Error: read ECONNRESET
2017-09-11T22:33:07.578Z Level 20 Error Error: read ECONNRESET
2017-09-11T22:33:07.580Z Level 20 Error Error: read ECONNRESET
2017-09-11T22:33:07.581Z Level 20 Error Error: read ECONNRESET
2017-09-11T22:33:07.579Z Level 20 Error Error: read ECONNRESET
2017-09-11T22:33:07.580Z Level 20 Error Error: read ECONNRESET
2017-09-11T22:33:07.581Z Level 20 Error Error: read ECONNRESET
2017-09-11T22:33:07.581Z Level 20 Error Error: read ECONNRESET
2017-09-11T22:33:07.582Z Level 20 Error Error: read ECONNRESET
2017-09-11T22:33:07.582Z Level 20 Error Error: read ECONNRESET
2017-09-11T22:33:07.583Z Level 20 Error Error: read ECONNRESET
2017-09-11T22:33:07.583Z Level 20 Error Error: read ECONNRESET
2017-09-11T22:33:07.584Z Level 20 Error Error: read ECONNRESET
2017-09-11T22:33:07.583Z Level 20 Error Error: read ECONNRESET
2017-09-11T22:33:07.585Z Level 20 Error Error: read ECONNRESET
2017-09-11T22:33:07.587Z Level 20 Error Error: read ECONNRESET
2017-09-11T22:33:07.586Z Level 20 Error Error: read ECONNRESET
2017-09-11T22:33:07.587Z Level 20 Error Error: read ECONNRESET
2017-09-11T22:33:07.587Z Level 20 Error Error: read ECONNRESET
2017-09-11T22:33:07.588Z Level 20 Error Error: read ECONNRESET
2017-09-11T22:33:07.588Z Level 20 Error Error: read ECONNRESET
2017-09-11T22:33:07.589Z Level 20 Error Error: read ECONNRESET
2017-09-11T22:33:07.589Z Level 20 Error Error: read ECONNRESET
2017-09-11T22:33:07.590Z Level 20 Error Error: read ECONNRESET
2017-09-11T22:33:07.590Z Level 20 Error Error: read ECONNRESET
2017-09-11T22:33:07.589Z Level 20 Error Error: read ECONNRESET
2017-09-11T22:33:07.590Z Level 20 Error Error: read ECONNRESET
2017-09-11T22:33:07.591Z Level 20 Error Error: read ECONNRESET
2017-09-11T22:33:07.591Z Level 20 Error Error: read ECONNRESET
2017-09-11T22:33:07.591Z Level 20 Error Error: read ECONNRESET
2017-09-11T22:33:07.592Z Level 20 Error Error: read ECONNRESET
2017-09-11T22:33:07.592Z Level 20 Error Error: read ECONNRESET
2017-09-11T22:33:07.592Z Level 20 Error Error: read ECONNRESET
2017-09-11T22:33:07.596Z Level 20 Error Error: read ECONNRESET
2017-09-11T22:33:07.596Z Level 20 Error Error: read ECONNRESET
2017-09-11T22:33:07.597Z Level 20 Error Error: read ECONNRESET
2017-09-11T22:33:07.597Z Level 20 Error Error: read ECONNRESET
2017-09-11T22:33:07.598Z Level 20 Error Error: read ECONNRESET
2017-09-11T22:33:07.598Z Level 20 Error Error: read ECONNRESET
2017-09-11T22:33:07.599Z Level 20 Error Error: read ECONNRESET
2017-09-11T22:33:07.600Z Level 20 Error Error: read ECONNRESET
2017-09-11T22:33:07.600Z Level 20 Error Error: read ECONNRESET
2017-09-11T22:33:07.600Z Level 20 Error Error: read ECONNRESET
2017-09-11T22:33:07.601Z Level 20 Error Error: read ECONNRESET
2017-09-11T22:33:07.601Z Level 20 Error Error: read ECONNRESET
2017-09-11T22:33:07.602Z Level 20 Error Error: read ECONNRESET
2017-09-11T22:33:07.602Z Level 20 Error Error: read ECONNRESET
2017-09-11T22:33:07.603Z Level 20 Error Error: read ECONNRESET
2017-09-11T22:33:07.604Z Level 20 Error Error: read ECONNRESET
2017-09-11T22:33:07.604Z Level 20 Error Error: read ECONNRESET
2017-09-11T22:33:07.605Z Level 20 Error Error: read ECONNRESET
2017-09-11T22:33:07.605Z Level 20 Error Error: read ECONNRESET
2017-09-11T22:33:07.605Z Level 20 Error Error: read ECONNRESET
2017-09-11T22:33:07.606Z Level 20 Error Error: read ECONNRESET
2017-09-11T22:33:07.606Z Level 20 Error Error: read ECONNRESET
2017-09-11T22:33:07.607Z Level 20 Error Error: read ECONNRESET
2017-09-11T22:33:07.608Z Level 20 Error Error: read ECONNRESET
2017-09-11T22:33:07.579Z Level 20 Error Error: read ECONNRESET
2017-09-11T22:33:07.608Z Level 20 Error Error: read ECONNRESET
2017-09-11T22:33:07.609Z Level 20 Error Error: read ECONNRESET
2017-09-11T22:33:07.610Z Level 20 Error Error: read ECONNRESET
2017-09-11T22:33:07.610Z Level 20 Error Error: read ECONNRESET
2017-09-11T22:33:07.610Z Level 20 Error Error: read ECONNRESET
2017-09-11T22:33:07.611Z Level 20 Error Error: read ECONNRESET
2017-09-11T22:33:07.579Z Level 20 Error Error: read ECONNRESET
2017-09-11T22:33:07.577Z Level 20 Error Error: read ECONNRESET
2017-09-11T22:33:07.608Z Level 20 Error Error: read ECONNRESET
